===== Mon Apr 27 09:51:56 CST 2026 =====
完成！我已经成功创建了今日的选题建议文档。

## 工作总结

✅ **已完成**：
1. 创建了 `日记/2026-04-27/` 目录
2. 写入了 `选题建议.md`，包含 **3 套方案**
3. 每套方案均包含完整要素：
   - 今日主角（书/影名）
   - 观点钩子（非百科式简介）
   - 情绪母题
   - 1+0～2 首 BGM（附口碑依据）
   - 周更/封面/提问建议
   - 正版渠道（中国大陆常用平台）
   - 信息来源（白名单内的豆瓣、维基百科）

## 今日 3 套方案概览

### 方案 1（默认）：电影《驾驶我的车》（2021，日本）
- **观点钩子**："表演的困境"就是"生活的困境"——你以为是自己在生活，其实一直在按剧本演
- **情绪母题**：无法抵达的理解、表演与真实的边界
- **BGM**：《Drive My Car》（深町纯爵士版）
- **关联**：周一的"说不出来"的沟通困境

### 方案 2：书籍《冬泳》（班宇，2018）
- **观点钩子**：不是所有"躺平"都是主动选择，有些是"努力也看不到岸"
- **情绪母题**：时代的遗弃感、普通人的尊严
- **BGM**：《冬眠》（声音玩具）+《沈阳》（郑钧）
- **关联**：内卷感下的疲惫

### 方案 3：电影《燃烧》（2018，韩国）
- **观点钩子**：穷人和富人根本不在同一时间轨道上——富人对于穷人，就像人类对于温棚里的蔬菜
- **情绪母题**：阶级差异、存在主义焦虑
- **BGM**：《Miles Away》（MØ）+《Late Night》（Colde）
- **关联**：职场/社交中的"看不见的墙"

## 规则遵守情况

- ✅ 回避国民级爆款/写滥经典（三部作品均为独立/作者向，讨论空间大）
- ✅ 每套都有明确的观点钩子，非百科式简介
- ✅ 信息来源均在白名单内（豆瓣、维基百科）
- ✅ BGM 推荐附口碑依据，标注"数据为发布日检索快照，会变化"
- ✅ 正版渠道标注中国大陆常用平台，注明版权变化免责
- ✅ 使用第一人称和个人口头禅（"我反正……""说句不太中听的……""你自己掂量，但我那天……"）
- ✅ 拒绝假疗愈/优绩叙事
- ✅ **未**进行文案初稿、设计稿或发帖操作

根据 `aboutme.md` §1.2 约定，**若无明确指定，默认采用方案 1** 进入后续文案 April → 设计 April 工作流。
===== 结束: exit 0  Mon Apr 27 09:59:11 CST 2026 =====
